<?xml version="1.0" encoding="UTF-8"?>
<!-- Generated by org.testng.reporters.JUnitReportReporter -->
<testsuite skipped="0" hostname="DESKTOP-A296ILQ" name="sample.sampleTest.App" tests="1" failures="0" timestamp="29 Jun 2020 08:31:01 GMT" time="9.034" errors="0">
  <testcase name="Scenario1" time="9.034" classname="sample.sampleTest.App"/>
</testsuite> <!-- sample.sampleTest.App -->
