<?xml version="1.0" encoding="UTF-8"?>
<!-- Generated by org.testng.reporters.JUnitReportReporter -->
<testsuite skipped="0" hostname="DESKTOP-A296ILQ" name="sample.sampleTest.AppTest" tests="1" failures="0" timestamp="29 Jun 2020 09:06:33 GMT" time="9.429" errors="0">
  <testcase name="Scenario1" time="9.429" classname="sample.sampleTest.AppTest"/>
</testsuite> <!-- sample.sampleTest.AppTest -->
